<?xml version="1.0" encoding="UTF-8"?>
<testng-results ignored="0" total="1" passed="1" failed="0" skipped="0">
  <reporter-output>
  </reporter-output>
  <suite started-at="2021-05-22T11:36:05Z" name="inetBanking" finished-at="2021-05-22T11:37:08Z" duration-ms="62481">
    <groups>
    </groups>
    <test started-at="2021-05-22T11:36:05Z" name="BankingApp Test" finished-at="2021-05-22T11:37:08Z" duration-ms="62481">
      <class name="com.inetbanking.testCases.TC_AddCustomerTest_003">
        <test-method is-config="true" signature="setup(java.lang.String)[pri:0, instance:com.inetbanking.testCases.TC_AddCustomerTest_003@5fcd892a]" started-at="2021-05-22T11:36:06Z" name="setup" finished-at="2021-05-22T11:36:34Z" duration-ms="28783" status="PASS">
          <params>
            <param index="0">
              <value>
                <![CDATA[chrome]]>
              </value>
            </param>
          </params>
          <reporter-output>
          </reporter-output>
        </test-method> <!-- setup -->
        <test-method signature="addNewCustomer()[pri:0, instance:com.inetbanking.testCases.TC_AddCustomerTest_003@5fcd892a]" started-at="2021-05-22T11:36:35Z" name="addNewCustomer" finished-at="2021-05-22T11:37:07Z" duration-ms="32110" status="PASS">
          <reporter-output>
          </reporter-output>
        </test-method> <!-- addNewCustomer -->
        <test-method is-config="true" signature="tearDown()[pri:0, instance:com.inetbanking.testCases.TC_AddCustomerTest_003@5fcd892a]" started-at="2021-05-22T11:37:07Z" name="tearDown" finished-at="2021-05-22T11:37:08Z" duration-ms="989" status="PASS">
          <reporter-output>
          </reporter-output>
        </test-method> <!-- tearDown -->
      </class> <!-- com.inetbanking.testCases.TC_AddCustomerTest_003 -->
    </test> <!-- BankingApp Test -->
  </suite> <!-- inetBanking -->
</testng-results>
